<?xml version="1.0" encoding="UTF-8"?>
<testsuite xmlns:xsi="http://www.w3.org/2001/XMLSchema-instance" xsi:noNamespaceSchemaLocation="https://maven.apache.org/surefire/maven-surefire-plugin/xsd/surefire-test-report.xsd" name="examples.ExampleTest" time="7.285" tests="1" errors="0" skipped="0" failures="1">
  <properties>
[...]
</properties>
  <testcase name="testParallel" classname="examples.ExampleTest" time="7.272">
    <failure message="failed features:&#10;examples.features.dbUtil: -unknown-:7 - evaluation (js) failed: new DbUtils(config), java.lang.IllegalStateException: Could not load JDBC driver class [org.h2.Drivecom.mysql.jdbc.Driverr]&#10;stack trace: org.springframework.jdbc.datasource.DriverManagerDataSource.setDriverClassName(DriverManagerDataSource.java:131)&#10;examples.features.usercopyPostReq: usercopyPostReq.feature:18 - status code was: 201, expected: 200, response time: 940, url: https://reqres.in/api/users/toke, response: {&quot;createdAt&quot;:&quot;2020-09-12T15:30:06.650Z&quot;,&quot;grant_type&quot;:&quot;&quot;,&quot;client_secret&quot;:&quot;#client_secret&quot;,&quot;id&quot;:&quot;7&quot;,&quot;client_id&quot;:&quot;#client_id&quot;}&#10; ==&gt; expected: &lt;0&gt; but was: &lt;2&gt;" type="org.opentest4j.AssertionFailedError"><![CDATA[org.opentest4j.AssertionFailedError: 
failed features:
examples.features.dbUtil: -unknown-:7 - evaluation (js) failed: new DbUtils(config), java.lang.IllegalStateException: Could not load JDBC driver class [org.h2.Drivecom.mysql.jdbc.Driverr]
stack trace: org.springframework.jdbc.datasource.DriverManagerDataSource.setDriverClassName(DriverManagerDataSource.java:131)
examples.features.usercopyPostReq: usercopyPostReq.feature:18 - status code was: 201, expected: 200, response time: 940, url: https://reqres.in/api/users/toke, response: {"createdAt":"2020-09-12T15:30:06.650Z","grant_type":"","client_secret":"#client_secret","id":"7","client_id":"#client_id"}
 ==> expected: <0> but was: <2>
	at examples.ExampleTest.testParallel(ExamplesTest.java:24)
]]></failure>
    <system-out><![CDATA[10:30:06.899 [main] INFO  com.intuit.karate.Runner - waiting for parallel features to complete ...
10:30:07.072 [ForkJoinPool-1-worker-3] INFO  com.intuit.karate - karate.env system property was:  
10:30:07.072 [ForkJoinPool-1-worker-11] INFO  com.intuit.karate - karate.env system property was:  
10:30:07.073 [ForkJoinPool-1-worker-9] INFO  com.intuit.karate - karate.env system property was:  
10:30:07.072 [ForkJoinPool-1-worker-7] INFO  com.intuit.karate - karate.env system property was:  
10:30:07.072 [ForkJoinPool-1-worker-5] INFO  com.intuit.karate - karate.env system property was:  
10:30:07.170 [ForkJoinPool-1-worker-5] INFO  com.intuit.karate - [print] test 1
10:30:07.172 [ForkJoinPool-1-worker-7] INFO  com.intuit.karate - [print] test 2
this is nonStaticFunc
10:30:07.202 [ForkJoinPool-1-worker-9] INFO  com.intuit.karate - [print] result --  HelloAnkita
10:30:07.206 [ForkJoinPool-1-worker-11] INFO  com.intuit.karate - [print] -----functiondata nanda
this is StaticFunc
10:30:07.228 [ForkJoinPool-1-worker-7] INFO  com.intuit.karate - scenario called at line: 4 by tag: @tag1
10:30:07.231 [ForkJoinPool-1-worker-5] INFO  com.intuit.karate - karate.env system property was:  
10:30:07.239 [ForkJoinPool-1-worker-9] INFO  com.intuit.karate - [print] result1 --  HelloAakash
10:30:07.241 [ForkJoinPool-1-worker-7] INFO  com.intuit.karate - [print] test 1
10:30:07.247 [ForkJoinPool-1-worker-7] INFO  com.intuit.karate - [print] {
  "__arg": null,
  "env": "dev",
  "myVarName": "someValue",
  "__loop": -1
}

10:30:07.263 [ForkJoinPool-1-worker-3] INFO  com.intuit.karate - karate.env system property was:  
10:30:07.485 [pool-1-thread-5] INFO  com.intuit.karate.Runner - <<pass>> feature 5 of 8: classpath:examples/features/javafunc.feature
10:30:07.485 [pool-1-thread-1] INFO  com.intuit.karate.Runner - <<pass>> feature 1 of 8: classpath:examples/features/callingfeatureScenarios.feature
10:30:07.487 [pool-1-thread-2] INFO  com.intuit.karate.Runner - <<fail>> feature 2 of 8: classpath:examples/features/dbUtil.feature
---------------------------------------------------------
feature: classpath:examples/features/callingfeatureScenarios.feature
report: target\surefire-reports\examples.features.callingfeatureScenarios.json
scenarios:  2 | passed:  2 | failed:  0 | time: 0.0911
---------------------------------------------------------
---------------------------------------------------------
feature: classpath:examples/features/javafunc.feature
report: target\surefire-reports\examples.features.javafunc.json
scenarios:  1 | passed:  1 | failed:  0 | time: 0.1047
---------------------------------------------------------
---------------------------------------------------------
feature: classpath:examples/features/dbUtil.feature
report: target\surefire-reports\examples.features.dbUtil.json
scenarios:  1 | passed:  0 | failed:  1 | time: 0.0670
---------------------------------------------------------
10:30:07.509 [ForkJoinPool-1-worker-9] INFO  com.intuit.karate - karate.env system property was:  
10:30:07.513 [ForkJoinPool-1-worker-7] INFO  com.intuit.karate - karate.env system property was:  
10:30:07.881 [ForkJoinPool-1-worker-9] DEBUG com.intuit.karate - request:
1 > GET https://reqres.in/api/users/3
1 > Accept-Encoding: gzip,deflate
1 > Connection: Keep-Alive
1 > Host: reqres.in
1 > User-Agent: Apache-HttpClient/4.5.12 (Java/14.0.2)

10:30:07.881 [ForkJoinPool-1-worker-7] DEBUG com.intuit.karate - request:
1 > GET https://reqres.in/api/users/3
1 > Accept-Encoding: gzip,deflate
1 > Connection: Keep-Alive
1 > Host: reqres.in
1 > User-Agent: Apache-HttpClient/4.5.12 (Java/14.0.2)

10:30:07.882 [ForkJoinPool-1-worker-5] DEBUG com.intuit.karate - request:
1 > POST https://reqres.in/api/users
1 > Accept: application/json
1 > Accept-Encoding: gzip,deflate
1 > Connection: Keep-Alive
1 > Content-Length: 35
1 > Content-Type: application/json; charset=UTF-8
1 > Host: reqres.in
1 > User-Agent: Apache-HttpClient/4.5.12 (Java/14.0.2)
{ "name": "Aakash", "job":"leader"}

10:30:07.882 [ForkJoinPool-1-worker-3] DEBUG com.intuit.karate - request:
1 > POST https://reqres.in/api/users/toke
1 > Accept-Encoding: gzip,deflate
1 > Connection: Keep-Alive
1 > Content-Length: 65
1 > Content-Type: application/x-www-form-urlencoded; charset=UTF-8
1 > Host: reqres.in
1 > User-Agent: Apache-HttpClient/4.5.12 (Java/14.0.2)
grant_type=&client_id=%23client_id&client_secret=%23client_secret

10:30:08.552 [ForkJoinPool-1-worker-9] DEBUG com.intuit.karate - response time in milliseconds: 668.47
1 < 200
1 < Access-Control-Allow-Origin: *
1 < Age: 6898
1 < CF-Cache-Status: HIT
1 < CF-RAY: 5d1aaaf61cdcfee6-IAH
1 < Cache-Control: max-age=14400
1 < Connection: keep-alive
1 < Content-Type: application/json; charset=utf-8
1 < Date: Sat, 12 Sep 2020 15:30:06 GMT
1 < Etag: W/"16e-/dQyOreIv6pEupp8RbP+u+utK/A"
1 < Expect-CT: max-age=604800, report-uri="https://report-uri.cloudflare.com/cdn-cgi/beacon/expect-ct"
1 < Server: cloudflare
1 < Set-Cookie: __cfduid=d5fc3f3bb6860bd4cd8f4f0630f3c0e4e1599924606; expires=Mon, 12-Oct-20 15:30:06 GMT; path=/; domain=.reqres.in; HttpOnly; SameSite=Lax; Secure
1 < Transfer-Encoding: chunked
1 < Vary: Accept-Encoding
1 < Via: 1.1 vegur
1 < X-Powered-By: Express
1 < cf-request-id: 0524892dca0000fee63e916200000001
{"data":{"id":3,"email":"emma.wong@reqres.in","first_name":"Emma","last_name":"Wong","avatar":"https://s3.amazonaws.com/uifaces/faces/twitter/olegpogodaev/128.jpg"},"ad":{"company":"StatusCode Weekly","url":"http://statuscode.org/","text":"A weekly newsletter focusing on software development, infrastructure, the server, performance, and the stack end of things."}}

10:30:08.552 [ForkJoinPool-1-worker-7] DEBUG com.intuit.karate - response time in milliseconds: 668.48
1 < 200
1 < Access-Control-Allow-Origin: *
1 < Age: 6898
1 < CF-Cache-Status: HIT
1 < CF-RAY: 5d1aaaf61e9ffede-IAH
1 < Cache-Control: max-age=14400
1 < Connection: keep-alive
1 < Content-Type: application/json; charset=utf-8
1 < Date: Sat, 12 Sep 2020 15:30:06 GMT
1 < Etag: W/"16e-/dQyOreIv6pEupp8RbP+u+utK/A"
1 < Expect-CT: max-age=604800, report-uri="https://report-uri.cloudflare.com/cdn-cgi/beacon/expect-ct"
1 < Server: cloudflare
1 < Set-Cookie: __cfduid=d7a71d331edb1a7f23e07a47e7a7df57d1599924606; expires=Mon, 12-Oct-20 15:30:06 GMT; path=/; domain=.reqres.in; HttpOnly; SameSite=Lax; Secure
1 < Transfer-Encoding: chunked
1 < Vary: Accept-Encoding
1 < Via: 1.1 vegur
1 < X-Powered-By: Express
1 < cf-request-id: 0524892dca0000fede46932200000001
{"data":{"id":3,"email":"emma.wong@reqres.in","first_name":"Emma","last_name":"Wong","avatar":"https://s3.amazonaws.com/uifaces/faces/twitter/olegpogodaev/128.jpg"},"ad":{"company":"StatusCode Weekly","url":"http://statuscode.org/","text":"A weekly newsletter focusing on software development, infrastructure, the server, performance, and the stack end of things."}}

10:30:08.561 [pool-1-thread-5] INFO  com.intuit.karate.Runner - <<pass>> feature 8 of 8: classpath:examples/features/users copy.feature
10:30:08.561 [ForkJoinPool-1-worker-7] DEBUG com.intuit.karate - request:
1 > GET https://reqres.in/api/users/2
1 > Accept-Encoding: gzip,deflate
1 > Connection: Keep-Alive
1 > Host: reqres.in
1 > User-Agent: Apache-HttpClient/4.5.12 (Java/14.0.2)

---------------------------------------------------------
feature: classpath:examples/features/users copy.feature
report: target\surefire-reports\examples.features.users copy.json
scenarios:  1 | passed:  1 | failed:  0 | time: 1.0429
---------------------------------------------------------
10:30:08.567 [ForkJoinPool-1-worker-9] INFO  com.intuit.karate - karate.env system property was:  
10:30:08.601 [ForkJoinPool-1-worker-9] DEBUG com.intuit.karate - request:
1 > GET https://reqres.in/api/users/3
1 > Accept-Encoding: gzip,deflate
1 > Connection: Keep-Alive
1 > Host: reqres.in
1 > User-Agent: Apache-HttpClient/4.5.12 (Java/14.0.2)

10:30:08.739 [ForkJoinPool-1-worker-9] DEBUG com.intuit.karate - response time in milliseconds: 137.51
1 < 200
1 < Access-Control-Allow-Origin: *
1 < Age: 6898
1 < CF-Cache-Status: HIT
1 < CF-RAY: 5d1aaaf75c6cb3ac-IAH
1 < Cache-Control: max-age=14400
1 < Connection: keep-alive
1 < Content-Type: application/json; charset=utf-8
1 < Date: Sat, 12 Sep 2020 15:30:06 GMT
1 < Etag: W/"16e-/dQyOreIv6pEupp8RbP+u+utK/A"
1 < Expect-CT: max-age=604800, report-uri="https://report-uri.cloudflare.com/cdn-cgi/beacon/expect-ct"
1 < Server: cloudflare
1 < Set-Cookie: __cfduid=dce3c4e22dd929667c4989eb01abcdbdc1599924606; expires=Mon, 12-Oct-20 15:30:06 GMT; path=/; domain=.reqres.in; HttpOnly; SameSite=Lax; Secure
1 < Transfer-Encoding: chunked
1 < Vary: Accept-Encoding
1 < Via: 1.1 vegur
1 < X-Powered-By: Express
1 < cf-request-id: 0524892e920000b3ac5eb71200000001
{"data":{"id":3,"email":"emma.wong@reqres.in","first_name":"Emma","last_name":"Wong","avatar":"https://s3.amazonaws.com/uifaces/faces/twitter/olegpogodaev/128.jpg"},"ad":{"company":"StatusCode Weekly","url":"http://statuscode.org/","text":"A weekly newsletter focusing on software development, infrastructure, the server, performance, and the stack end of things."}}

10:30:08.746 [ForkJoinPool-1-worker-9] DEBUG com.intuit.karate - request:
1 > GET https://reqres.in/api/users/3
1 > Accept-Encoding: gzip,deflate
1 > Connection: Keep-Alive
1 > Host: reqres.in
1 > User-Agent: Apache-HttpClient/4.5.12 (Java/14.0.2)

10:30:08.824 [ForkJoinPool-1-worker-3] DEBUG com.intuit.karate - response time in milliseconds: 939.61
1 < 201
1 < Access-Control-Allow-Origin: *
1 < CF-Cache-Status: DYNAMIC
1 < CF-RAY: 5d1aaaf61a2ffeae-IAH
1 < Connection: keep-alive
1 < Content-Length: 123
1 < Content-Type: application/json; charset=utf-8
1 < Date: Sat, 12 Sep 2020 15:30:06 GMT
1 < Etag: W/"7b-kYyg5b1uqTdmw3yQ9pqo1sweylo"
1 < Expect-CT: max-age=604800, report-uri="https://report-uri.cloudflare.com/cdn-cgi/beacon/expect-ct"
1 < Server: cloudflare
1 < Set-Cookie: __cfduid=d1ff2ff406fadf1414d4a2d28c45bd9f61599924606; expires=Mon, 12-Oct-20 15:30:06 GMT; path=/; domain=.reqres.in; HttpOnly; SameSite=Lax; Secure
1 < Via: 1.1 vegur
1 < X-Powered-By: Express
1 < cf-request-id: 0524892dd00000feae2a25b200000001
{"grant_type":"","client_id":"#client_id","client_secret":"#client_secret","id":"7","createdAt":"2020-09-12T15:30:06.650Z"}

10:30:08.825 [ForkJoinPool-1-worker-3] ERROR com.intuit.karate - status code was: 201, expected: 200, response time: 940, url: https://reqres.in/api/users/toke, response: {"createdAt":"2020-09-12T15:30:06.650Z","grant_type":"","client_secret":"#client_secret","id":"7","client_id":"#client_id"}
10:30:08.837 [ForkJoinPool-1-worker-5] DEBUG com.intuit.karate - response time in milliseconds: 953.48
1 < 201
1 < Access-Control-Allow-Origin: *
1 < CF-Cache-Status: DYNAMIC
1 < CF-RAY: 5d1aaaf619c1fed6-IAH
1 < Connection: keep-alive
1 < Content-Length: 82
1 < Content-Type: application/json; charset=utf-8
1 < Date: Sat, 12 Sep 2020 15:30:06 GMT
1 < Etag: W/"52-UMwsTg9pziiICzrbrkQweRffcwo"
1 < Expect-CT: max-age=604800, report-uri="https://report-uri.cloudflare.com/cdn-cgi/beacon/expect-ct"
1 < Server: cloudflare
1 < Set-Cookie: __cfduid=d47d30cf524c45e77300d10fe0c2e9ca21599924606; expires=Mon, 12-Oct-20 15:30:06 GMT; path=/; domain=.reqres.in; HttpOnly; SameSite=Lax; Secure
1 < Via: 1.1 vegur
1 < X-Powered-By: Express
1 < cf-request-id: 0524892dd00000fed6fb1ac200000001
{"name":"Aakash","job":"leader","id":"462","createdAt":"2020-09-12T15:30:06.648Z"}

10:30:08.844 [pool-1-thread-3] INFO  com.intuit.karate.Runner - <<fail>> feature 6 of 8: classpath:examples/features/usercopyPostReq.feature
---------------------------------------------------------
feature: classpath:examples/features/usercopyPostReq.feature
report: target\surefire-reports\examples.features.usercopyPostReq.json
scenarios:  2 | passed:  1 | failed:  1 | time: 3.1623
---------------------------------------------------------
10:30:08.865 [ForkJoinPool-1-worker-9] DEBUG com.intuit.karate - response time in milliseconds: 117.32
1 < 200
1 < Access-Control-Allow-Origin: *
1 < Age: 6898
1 < CF-Cache-Status: HIT
1 < CF-RAY: 5d1aaaf80fb5fee6-IAH
1 < Cache-Control: max-age=14400
1 < Connection: keep-alive
1 < Content-Type: application/json; charset=utf-8
1 < Date: Sat, 12 Sep 2020 15:30:06 GMT
1 < Etag: W/"16e-/dQyOreIv6pEupp8RbP+u+utK/A"
1 < Expect-CT: max-age=604800, report-uri="https://report-uri.cloudflare.com/cdn-cgi/beacon/expect-ct"
1 < Server: cloudflare
1 < Set-Cookie: __cfduid=d5fc3f3bb6860bd4cd8f4f0630f3c0e4e1599924606; expires=Mon, 12-Oct-20 15:30:06 GMT; path=/; domain=.reqres.in; HttpOnly; SameSite=Lax; Secure
1 < Transfer-Encoding: chunked
1 < Vary: Accept-Encoding
1 < Via: 1.1 vegur
1 < X-Powered-By: Express
1 < cf-request-id: 0524892f090000fee635ab6200000001
{"data":{"id":3,"email":"emma.wong@reqres.in","first_name":"Emma","last_name":"Wong","avatar":"https://s3.amazonaws.com/uifaces/faces/twitter/olegpogodaev/128.jpg"},"ad":{"company":"StatusCode Weekly","url":"http://statuscode.org/","text":"A weekly newsletter focusing on software development, infrastructure, the server, performance, and the stack end of things."}}

10:30:08.966 [ForkJoinPool-1-worker-7] DEBUG com.intuit.karate - response time in milliseconds: 402.77
1 < 200
1 < Access-Control-Allow-Origin: *
1 < CF-Cache-Status: REVALIDATED
1 < CF-RAY: 5d1aaaf6fcb7feb2-IAH
1 < Cache-Control: max-age=14400
1 < Connection: keep-alive
1 < Content-Type: application/json; charset=utf-8
1 < Date: Sat, 12 Sep 2020 15:30:06 GMT
1 < Etag: W/"173-1Z8bn0V7UjH6FK7NCaza1ccWXQk"
1 < Expect-CT: max-age=604800, report-uri="https://report-uri.cloudflare.com/cdn-cgi/beacon/expect-ct"
1 < Server: cloudflare
1 < Set-Cookie: __cfduid=d15b95f94ebf47ab77975f2e2ffd8a1371599924606; expires=Mon, 12-Oct-20 15:30:06 GMT; path=/; domain=.reqres.in; HttpOnly; SameSite=Lax; Secure
1 < Transfer-Encoding: chunked
1 < Vary: Accept-Encoding
1 < Via: 1.1 vegur
1 < X-Powered-By: Express
1 < cf-request-id: 0524892e5c0000feb2da3dd200000001
{"data":{"id":2,"email":"janet.weaver@reqres.in","first_name":"Janet","last_name":"Weaver","avatar":"https://s3.amazonaws.com/uifaces/faces/twitter/josephstein/128.jpg"},"ad":{"company":"StatusCode Weekly","url":"http://statuscode.org/","text":"A weekly newsletter focusing on software development, infrastructure, the server, performance, and the stack end of things."}}

10:30:09.025 [ForkJoinPool-1-worker-7] INFO  com.intuit.karate - [print] first_name ----- Emma
10:30:09.040 [pool-1-thread-1] INFO  com.intuit.karate.Runner - <<pass>> feature 7 of 8: classpath:examples/features/users copy 2.feature
---------------------------------------------------------
feature: classpath:examples/features/users copy 2.feature
report: target\surefire-reports\examples.features.users copy 2.json
scenarios:  2 | passed:  2 | failed:  0 | time: 1.8064
---------------------------------------------------------
10:30:12.298 [pool-1-thread-4] INFO  com.intuit.karate.Runner - <<pass>> feature 4 of 8: classpath:examples/features/functioncreation.feature
---------------------------------------------------------
feature: classpath:examples/features/functioncreation.feature
report: target\surefire-reports\examples.features.functioncreation.json
scenarios:  1 | passed:  1 | failed:  0 | time: 5.1247
---------------------------------------------------------

HTML report: (paste into browser to view) | Karate version: 0.9.6
file:/d:/Testing/Eclipse_workspace/Demo/target/surefire-reports/karate-summary.html
===================================================================

Karate version: 0.9.6
======================================================
elapsed:   6.25 | threads:    5 | thread time: 11.40 
features:     7 | ignored:    1 | efficiency: 0.36
scenarios:   10 | passed:     8 | failed: 2
======================================================
failed features:
examples.features.dbUtil: -unknown-:7 - evaluation (js) failed: new DbUtils(config), java.lang.IllegalStateException: Could not load JDBC driver class [org.h2.Drivecom.mysql.jdbc.Driverr]
stack trace: org.springframework.jdbc.datasource.DriverManagerDataSource.setDriverClassName(DriverManagerDataSource.java:131)
examples.features.usercopyPostReq: usercopyPostReq.feature:18 - status code was: 201, expected: 200, response time: 940, url: https://reqres.in/api/users/toke, response: {"createdAt":"2020-09-12T15:30:06.650Z","grant_type":"","client_secret":"#client_secret","id":"7","client_id":"#client_id"}

]]></system-out>
    <system-err><![CDATA[Warning: Nashorn engine is planned to be removed from a future JDK release
]]></system-err>
  </testcase>
</testsuite>